<?xml version="1.0" encoding="UTF-8"?>
<!-- Generated by org.testng.reporters.JUnitReportReporter -->
<testsuite hostname="SAURABHPC" failures="0" tests="4" name="api.testcases.UserTest" time="18.756" errors="0" timestamp="2024-01-01T13:40:32 IST" skipped="0">
  <testcase classname="api.testcases.UserTest" name="testCreateUser" time="13.483"/>
  <system-out/>
  <testcase classname="api.testcases.UserTest" name="testGetuser" time="1.324"/>
  <system-out/>
  <testcase classname="api.testcases.UserTest" name="testUpdateUser" time="2.674"/>
  <system-out/>
  <testcase classname="api.testcases.UserTest" name="testDeleteUser" time="1.275"/>
  <system-out/>
</testsuite> <!-- api.testcases.UserTest -->
